<?xml version="1.0" encoding="UTF-8"?>
<!-- Generated by org.testng.reporters.JUnitXMLReporter -->
<testsuite ignored="0" hostname="DESKTOP-ULC91AQ" failures="0" tests="3" name="Surefire test" time="4.872" errors="0" timestamp="2024-08-04T13:13:17 IST">
  <testcase classname="pageObjects.Testcase" name="setup" time="4.017"/>
  <testcase classname="pageObjects.Testcase" name="Logintotest" time="0.744"/>
  <testcase classname="pageObjects.Testcase" name="LoginHomepage" time="0.005"/>
</testsuite> <!-- Surefire test -->
