<?xml version="1.0" encoding="UTF-8"?>
<testng-results ignored="0" total="3" passed="3" failed="0" skipped="0">
  <reporter-output>
  </reporter-output>
  <suite started-at="2024-08-04T13:13:12 IST" name="Surefire suite" finished-at="2024-08-04T13:13:17 IST" duration-ms="4872">
    <groups>
    </groups>
    <test started-at="2024-08-04T13:13:12 IST" name="Surefire test" finished-at="2024-08-04T13:13:17 IST" duration-ms="4872">
      <class name="pageObjects.Testcase">
        <test-method signature="setup()[pri:1, instance:pageObjects.Testcase@7a4ccb53]" started-at="2024-08-04T13:13:12 IST" name="setup" finished-at="2024-08-04T13:13:16 IST" duration-ms="4017" status="PASS">
          <reporter-output>
          </reporter-output>
        </test-method> <!-- setup -->
        <test-method signature="Logintotest()[pri:2, instance:pageObjects.Testcase@7a4ccb53]" started-at="2024-08-04T13:13:16 IST" name="Logintotest" finished-at="2024-08-04T13:13:17 IST" duration-ms="744" status="PASS">
          <reporter-output>
          </reporter-output>
        </test-method> <!-- Logintotest -->
        <test-method signature="LoginHomepage()[pri:3, instance:pageObjects.Testcase@7a4ccb53]" started-at="2024-08-04T13:13:17 IST" name="LoginHomepage" finished-at="2024-08-04T13:13:17 IST" duration-ms="5" status="PASS">
          <reporter-output>
          </reporter-output>
        </test-method> <!-- LoginHomepage -->
      </class> <!-- pageObjects.Testcase -->
    </test> <!-- Surefire test -->
  </suite> <!-- Surefire suite -->
</testng-results>
