<?xml version="1.0" encoding="UTF-8"?>
<testng-results ignored="0" total="3" passed="3" failed="0" skipped="0">
  <reporter-output>
  </reporter-output>
  <suite started-at="2024-08-04T13:07:56 IST" name="Default suite" finished-at="2024-08-04T13:08:01 IST" duration-ms="4971">
    <groups>
    </groups>
    <test started-at="2024-08-04T13:07:56 IST" name="Default test" finished-at="2024-08-04T13:08:01 IST" duration-ms="4971">
      <class name="pageObjects.Testcase">
        <test-method signature="setup()[pri:1, instance:pageObjects.Testcase@765d7657]" started-at="2024-08-04T13:07:57 IST" name="setup" finished-at="2024-08-04T13:08:01 IST" duration-ms="4246" status="PASS">
          <reporter-output>
          </reporter-output>
        </test-method> <!-- setup -->
        <test-method signature="Logintotest()[pri:2, instance:pageObjects.Testcase@765d7657]" started-at="2024-08-04T13:08:01 IST" name="Logintotest" finished-at="2024-08-04T13:08:01 IST" duration-ms="622" status="PASS">
          <reporter-output>
          </reporter-output>
        </test-method> <!-- Logintotest -->
        <test-method signature="LoginHomepage()[pri:3, instance:pageObjects.Testcase@765d7657]" started-at="2024-08-04T13:08:01 IST" name="LoginHomepage" finished-at="2024-08-04T13:08:01 IST" duration-ms="8" status="PASS">
          <reporter-output>
          </reporter-output>
        </test-method> <!-- LoginHomepage -->
      </class> <!-- pageObjects.Testcase -->
    </test> <!-- Default test -->
  </suite> <!-- Default suite -->
</testng-results>
